This file contains any messages produced by compilers while
running configure, to aid debugging if configure makes a mistake.

It was created by configure, which was
generated by GNU Autoconf 2.69.  Invocation command line was

  $ ./configure 

## --------- ##
## Platform. ##
## --------- ##

hostname = woodenpc
uname -m = i686
uname -r = 3.19.0-64-generic
uname -s = Linux
uname -v = #72~14.04.1-Ubuntu SMP Fri Jun 24 18:00:49 UTC 2016

/usr/bin/uname -p = unknown
/bin/uname -X     = unknown

/bin/arch              = unknown
/usr/bin/arch -k       = unknown
/usr/convex/getsysinfo = unknown
/usr/bin/hostinfo      = unknown
/bin/machine           = unknown
/usr/bin/oslevel       = unknown
/bin/universe          = unknown

PATH: /usr/local/sbin
PATH: /usr/local/bin
PATH: /usr/sbin
PATH: /usr/bin
PATH: /sbin
PATH: /bin
PATH: /usr/games
PATH: /usr/local/games


## ----------- ##
## Core tests. ##
## ----------- ##

configure:2078: checking for grep that handles long lines and -e
configure:2136: result: /bin/grep
configure:2141: checking for egrep
configure:2203: result: /bin/grep -E
configure:2208: checking for a sed that does not truncate output
configure:2272: result: /bin/sed
configure:2411: checking for cc
configure:2427: found /usr/bin/cc
configure:2438: result: cc
configure:2469: checking for C compiler version
configure:2478: cc --version >&5
cc (Ubuntu 4.8.4-2ubuntu1~14.04.3) 4.8.4
Copyright (C) 2013 Free Software Foundation, Inc.
This is free software; see the source for copying conditions.  There is NO
warranty; not even for MERCHANTABILITY or FITNESS FOR A PARTICULAR PURPOSE.

configure:2489: $? = 0
configure:2478: cc -v >&5
Using built-in specs.
COLLECT_GCC=cc
COLLECT_LTO_WRAPPER=/usr/lib/gcc/i686-linux-gnu/4.8/lto-wrapper
Target: i686-linux-gnu
Configured with: ../src/configure -v --with-pkgversion='Ubuntu 4.8.4-2ubuntu1~14.04.3' --with-bugurl=file:///usr/share/doc/gcc-4.8/README.Bugs --enable-languages=c,c++,java,go,d,fortran,objc,obj-c++ --prefix=/usr --program-suffix=-4.8 --enable-shared --enable-linker-build-id --libexecdir=/usr/lib --without-included-gettext --enable-threads=posix --with-gxx-include-dir=/usr/include/c++/4.8 --libdir=/usr/lib --enable-nls --with-sysroot=/ --enable-clocale=gnu --enable-libstdcxx-debug --enable-libstdcxx-time=yes --enable-gnu-unique-object --disable-libmudflap --enable-plugin --with-system-zlib --disable-browser-plugin --enable-java-awt=gtk --enable-gtk-cairo --with-java-home=/usr/lib/jvm/java-1.5.0-gcj-4.8-i386/jre --enable-java-home --with-jvm-root-dir=/usr/lib/jvm/java-1.5.0-gcj-4.8-i386 --with-jvm-jar-dir=/usr/lib/jvm-exports/java-1.5.0-gcj-4.8-i386 --with-arch-directory=i386 --with-ecj-jar=/usr/share/java/eclipse-ecj.jar --enable-objc-gc --enable-targets=all --enable-multiarch --disable-werror --with-arch-32=i686 --with-multilib-list=m32,m64,mx32 --with-tune=generic --enable-checking=release --build=i686-linux-gnu --host=i686-linux-gnu --target=i686-linux-gnu
Thread model: posix
gcc version 4.8.4 (Ubuntu 4.8.4-2ubuntu1~14.04.3) 
configure:2489: $? = 0
configure:2478: cc -V >&5
cc: error: unrecognized command line option '-V'
cc: fatal error: no input files
compilation terminated.
configure:2489: $? = 4
configure:2478: cc -qversion >&5
cc: error: unrecognized command line option '-qversion'
cc: fatal error: no input files
compilation terminated.
configure:2489: $? = 4
configure:2509: checking whether the C compiler works
configure:2531: cc    conftest.c  >&5
configure:2535: $? = 0
configure:2583: result: yes
configure:2586: checking for C compiler default output file name
configure:2588: result: a.out
configure:2594: checking for suffix of executables
configure:2601: cc -o conftest    conftest.c  >&5
configure:2605: $? = 0
configure:2627: result: 
configure:2649: checking whether we are cross compiling
configure:2657: cc -o conftest    conftest.c  >&5
configure:2661: $? = 0
configure:2668: ./conftest
configure:2672: $? = 0
configure:2687: result: no
configure:2692: checking for suffix of object files
configure:2714: cc -c   conftest.c >&5
configure:2718: $? = 0
configure:2739: result: o
configure:2743: checking whether we are using the GNU C compiler
configure:2762: cc -c   conftest.c >&5
configure:2762: $? = 0
configure:2771: result: yes
configure:2780: checking whether cc accepts -g
configure:2800: cc -c -g  conftest.c >&5
configure:2800: $? = 0
configure:2841: result: yes
configure:2858: checking for cc option to accept ISO C89
configure:2921: cc  -c -g -O2  conftest.c >&5
configure:2921: $? = 0
configure:2934: result: none needed
configure:2960: checking how to run the C preprocessor
configure:2991: cc -E  conftest.c
configure:2991: $? = 0
configure:3005: cc -E  conftest.c
conftest.c:9:28: fatal error: ac_nonexistent.h: No such file or directory
 #include <ac_nonexistent.h>
                            ^
compilation terminated.
configure:3005: $? = 1
configure: failed program was:
| /* confdefs.h */
| #define PACKAGE_NAME ""
| #define PACKAGE_TARNAME ""
| #define PACKAGE_VERSION ""
| #define PACKAGE_STRING ""
| #define PACKAGE_BUGREPORT ""
| #define PACKAGE_URL ""
| /* end confdefs.h.  */
| #include <ac_nonexistent.h>
configure:3030: result: cc -E
configure:3050: cc -E  conftest.c
configure:3050: $? = 0
configure:3064: cc -E  conftest.c
conftest.c:9:28: fatal error: ac_nonexistent.h: No such file or directory
 #include <ac_nonexistent.h>
                            ^
compilation terminated.
configure:3064: $? = 1
configure: failed program was:
| /* confdefs.h */
| #define PACKAGE_NAME ""
| #define PACKAGE_TARNAME ""
| #define PACKAGE_VERSION ""
| #define PACKAGE_STRING ""
| #define PACKAGE_BUGREPORT ""
| #define PACKAGE_URL ""
| /* end confdefs.h.  */
| #include <ac_nonexistent.h>
configure:3095: checking for icc
configure:3104: result: no
configure:3118: checking for suncc
configure:3127: result: no
configure:3145: checking whether cc understands -c and -o together
configure:3173: cc -c conftest.c -o conftest2.o >&5
configure:3177: $? = 0
configure:3183: cc -c conftest.c -o conftest2.o >&5
configure:3187: $? = 0
configure:3242: result: yes
configure:3256: checking for system library directory
configure:3271: result: lib
configure:3278: checking if compiler supports -R
configure:3297: cc -o conftest -g -O2   conftest.c -R /usr/lib  >&5
cc: error: unrecognized command line option '-R'
configure:3297: $? = 1
configure: failed program was:
| /* confdefs.h */
| #define PACKAGE_NAME ""
| #define PACKAGE_TARNAME ""
| #define PACKAGE_VERSION ""
| #define PACKAGE_STRING ""
| #define PACKAGE_BUGREPORT ""
| #define PACKAGE_URL ""
| /* end confdefs.h.  */
| 
| int
| main ()
| {
| 
|   ;
|   return 0;
| }
configure:3307: result: no
configure:3312: checking if compiler supports -Wl,-rpath,
configure:3331: cc -o conftest -g -O2   conftest.c -Wl,-rpath,/usr/lib  >&5
configure:3331: $? = 0
configure:3341: result: yes
configure:3386: checking build system type
configure:3400: result: i686-pc-linux-gnu
configure:3420: checking host system type
configure:3433: result: i686-pc-linux-gnu
configure:3453: checking target system type
configure:3466: result: i686-pc-linux-gnu
configure:3569: checking for PHP prefix
configure:3571: result: /usr
configure:3573: checking for PHP includes
configure:3575: result: -I/usr/include/php/20151012 -I/usr/include/php/20151012/main -I/usr/include/php/20151012/TSRM -I/usr/include/php/20151012/Zend -I/usr/include/php/20151012/ext -I/usr/include/php/20151012/ext/date/lib -D_LARGEFILE_SOURCE -D_FILE_OFFSET_BITS=64
configure:3577: checking for PHP extension directory
configure:3579: result: /usr/lib/php/20151012
configure:3581: checking for PHP installed headers prefix
configure:3583: result: /usr/include/php/20151012
configure:3586: checking if debug is enabled
configure:3612: result: no
configure:3615: checking if zts is enabled
configure:3641: result: no
configure:3712: checking for re2c
configure:3742: result: no
configure:3767: WARNING: You will need re2c 0.13.4 or later if you want to regenerate PHP parsers.
configure:3781: checking for gawk
configure:3812: result: no
configure:3781: checking for nawk
configure:3798: found /usr/bin/nawk
configure:3809: result: nawk
configure:3832: checking if nawk is broken
configure:3839: result: no
configure:3852: checking whether to enable the imagick extension
configure:3892: result: yes, shared
configure:3946: checking for pkg-config
configure:3964: found /usr/bin/pkg-config
configure:3977: result: /usr/bin/pkg-config
configure:3995: checking ImageMagick MagickWand API configuration program
configure:4028: checking Testing /usr/local/bin/MagickWand-config
configure:4045: result: Doesn't exist
configure:4028: checking Testing /usr/bin/MagickWand-config
configure:4033: result: It exists
configure:4059: result: found in /usr/bin/MagickWand-config
configure:4076: checking if ImageMagick version is at least 6.2.4
configure:4079: result: found version 6.7.7 Q16 
configure:4091: checking for MagickWand.h or magick-wand.h header
configure:4143: result: /usr/include/ImageMagick/wand/MagickWand.h
configure:4186: checking PHP version is at least 5.1.3
configure:4204: result: yes. found 7.0.9-1+deb.sury.org~trusty+1
configure:4728: checking how to print strings
configure:4755: result: printf
configure:4776: checking for a sed that does not truncate output
configure:4840: result: /bin/sed
configure:4858: checking for fgrep
configure:4920: result: /bin/grep -F
configure:4955: checking for ld used by cc
configure:5022: result: /usr/bin/ld
configure:5029: checking if the linker (/usr/bin/ld) is GNU ld
configure:5044: result: yes
configure:5056: checking for BSD- or MS-compatible name lister (nm)
configure:5105: result: /usr/bin/nm -B
configure:5235: checking the name lister (/usr/bin/nm -B) interface
configure:5242: cc -c -g -O2  conftest.c >&5
configure:5245: /usr/bin/nm -B "conftest.o"
configure:5248: output
00000000 B some_variable
configure:5255: result: BSD nm
configure:5258: checking whether ln -s works
configure:5262: result: yes
configure:5270: checking the maximum length of command line arguments
configure:5401: result: 1572864
configure:5418: checking whether the shell understands some XSI constructs
configure:5428: result: yes
configure:5432: checking whether the shell understands "+="
configure:5438: result: yes
configure:5473: checking how to convert i686-pc-linux-gnu file names to i686-pc-linux-gnu format
configure:5513: result: func_convert_file_noop
configure:5520: checking how to convert i686-pc-linux-gnu file names to toolchain format
configure:5540: result: func_convert_file_noop
configure:5547: checking for /usr/bin/ld option to reload object files
configure:5554: result: -r
configure:5628: checking for objdump
configure:5644: found /usr/bin/objdump
configure:5655: result: objdump
configure:5687: checking how to recognize dependent libraries
configure:5885: result: pass_all
configure:5970: checking for dlltool
configure:6000: result: no
configure:6030: checking how to associate runtime and link libraries
configure:6057: result: printf %s\n
configure:6117: checking for ar
configure:6133: found /usr/bin/ar
configure:6144: result: ar
configure:6181: checking for archiver @FILE support
configure:6198: cc -c -g -O2  conftest.c >&5
configure:6198: $? = 0
configure:6201: ar cru libconftest.a @conftest.lst >&5
configure:6204: $? = 0
configure:6209: ar cru libconftest.a @conftest.lst >&5
ar: conftest.o: No such file or directory
configure:6212: $? = 1
configure:6224: result: @
configure:6282: checking for strip
configure:6298: found /usr/bin/strip
configure:6309: result: strip
configure:6381: checking for ranlib
configure:6397: found /usr/bin/ranlib
configure:6408: result: ranlib
configure:6485: checking for gawk
configure:6512: result: nawk
configure:6552: checking command to parse /usr/bin/nm -B output from cc object
configure:6672: cc -c -g -O2  conftest.c >&5
configure:6675: $? = 0
configure:6679: /usr/bin/nm -B conftest.o \| sed -n -e 's/^.*[ ]\([ABCDGIRSTW][ABCDGIRSTW]*\)[ ][ ]*\([_A-Za-z][_A-Za-z0-9]*\)$/\1 \2 \2/p' | sed '/ __gnu_lto/d' \> conftest.nm
configure:6682: $? = 0
configure:6748: cc -o conftest -g -O2   conftest.c conftstm.o >&5
configure:6751: $? = 0
configure:6789: result: ok
configure:6826: checking for sysroot
configure:6856: result: no
configure:7125: checking for mt
configure:7141: found /bin/mt
configure:7152: result: mt
configure:7175: checking if mt is a manifest tool
configure:7181: mt '-?'
configure:7189: result: no
configure:7826: checking for ANSI C header files
configure:7846: cc -c -g -O2  conftest.c >&5
configure:7846: $? = 0
configure:7919: cc -o conftest -g -O2   conftest.c  >&5
configure:7919: $? = 0
configure:7919: ./conftest
configure:7919: $? = 0
configure:7930: result: yes
configure:7943: checking for sys/types.h
configure:7943: cc -c -g -O2  conftest.c >&5
configure:7943: $? = 0
configure:7943: result: yes
configure:7943: checking for sys/stat.h
configure:7943: cc -c -g -O2  conftest.c >&5
configure:7943: $? = 0
configure:7943: result: yes
configure:7943: checking for stdlib.h
configure:7943: cc -c -g -O2  conftest.c >&5
configure:7943: $? = 0
configure:7943: result: yes
configure:7943: checking for string.h
configure:7943: cc -c -g -O2  conftest.c >&5
configure:7943: $? = 0
configure:7943: result: yes
configure:7943: checking for memory.h
configure:7943: cc -c -g -O2  conftest.c >&5
configure:7943: $? = 0
configure:7943: result: yes
configure:7943: checking for strings.h
configure:7943: cc -c -g -O2  conftest.c >&5
configure:7943: $? = 0
configure:7943: result: yes
configure:7943: checking for inttypes.h
configure:7943: cc -c -g -O2  conftest.c >&5
configure:7943: $? = 0
configure:7943: result: yes
configure:7943: checking for stdint.h
configure:7943: cc -c -g -O2  conftest.c >&5
configure:7943: $? = 0
configure:7943: result: yes
configure:7943: checking for unistd.h
configure:7943: cc -c -g -O2  conftest.c >&5
configure:7943: $? = 0
configure:7943: result: yes
configure:7957: checking for dlfcn.h
configure:7957: cc -c -g -O2  conftest.c >&5
configure:7957: $? = 0
configure:7957: result: yes
configure:8163: checking for objdir
configure:8178: result: .libs
configure:8449: checking if cc supports -fno-rtti -fno-exceptions
configure:8467: cc -c -g -O2  -fno-rtti -fno-exceptions conftest.c >&5
cc1: warning: command line option '-fno-rtti' is valid for C++/ObjC++ but not for C [enabled by default]
configure:8471: $? = 0
configure:8484: result: no
configure:8811: checking for cc option to produce PIC
configure:8818: result: -fPIC -DPIC
configure:8826: checking if cc PIC flag -fPIC -DPIC works
configure:8844: cc -c -g -O2  -fPIC -DPIC -DPIC conftest.c >&5
configure:8848: $? = 0
configure:8861: result: yes
configure:8890: checking if cc static flag -static works
configure:8918: result: yes
configure:8933: checking if cc supports -c -o file.o
configure:8954: cc -c -g -O2  -o out/conftest2.o conftest.c >&5
configure:8958: $? = 0
configure:8980: result: yes
configure:8988: checking if cc supports -c -o file.o
configure:9035: result: yes
configure:9068: checking whether the cc linker (/usr/bin/ld) supports shared libraries
configure:10225: result: yes
configure:10262: checking whether -lc should be explicitly linked in
configure:10270: cc -c -g -O2  conftest.c >&5
configure:10273: $? = 0
configure:10288: cc -shared  -fPIC -DPIC conftest.o  -v -Wl,-soname -Wl,conftest -o conftest 2\>\&1 \| /bin/grep  -lc  \>/dev/null 2\>\&1
configure:10291: $? = 0
configure:10305: result: no
configure:10465: checking dynamic linker characteristics
configure:10965: cc -o conftest -g -O2   -Wl,-rpath -Wl,/foo conftest.c  >&5
configure:10965: $? = 0
configure:11199: result: GNU/Linux ld.so
configure:11306: checking how to hardcode library paths into programs
configure:11331: result: immediate
configure:11871: checking whether stripping libraries is possible
configure:11876: result: yes
configure:11911: checking if libtool supports shared libraries
configure:11913: result: yes
configure:11916: checking whether to build shared libraries
configure:11937: result: yes
configure:11940: checking whether to build static libraries
configure:11944: result: no
configure:12220: creating ./config.status

## ---------------------- ##
## Running config.status. ##
## ---------------------- ##

This file was extended by config.status, which was
generated by GNU Autoconf 2.69.  Invocation command line was

  CONFIG_FILES    = 
  CONFIG_HEADERS  = 
  CONFIG_LINKS    = 
  CONFIG_COMMANDS = 
  $ ./config.status 

on woodenpc

config.status:888: creating config.h
config.status:992: executing libtool commands

## ---------------- ##
## Cache variables. ##
## ---------------- ##

ac_cv_build=i686-pc-linux-gnu
ac_cv_c_compiler_gnu=yes
ac_cv_env_CC_set=
ac_cv_env_CC_value=
ac_cv_env_CFLAGS_set=
ac_cv_env_CFLAGS_value=
ac_cv_env_CPPFLAGS_set=
ac_cv_env_CPPFLAGS_value=
ac_cv_env_CPP_set=
ac_cv_env_CPP_value=
ac_cv_env_LDFLAGS_set=
ac_cv_env_LDFLAGS_value=
ac_cv_env_LIBS_set=
ac_cv_env_LIBS_value=
ac_cv_env_build_alias_set=
ac_cv_env_build_alias_value=
ac_cv_env_host_alias_set=
ac_cv_env_host_alias_value=
ac_cv_env_target_alias_set=
ac_cv_env_target_alias_value=
ac_cv_header_dlfcn_h=yes
ac_cv_header_inttypes_h=yes
ac_cv_header_memory_h=yes
ac_cv_header_stdc=yes
ac_cv_header_stdint_h=yes
ac_cv_header_stdlib_h=yes
ac_cv_header_string_h=yes
ac_cv_header_strings_h=yes
ac_cv_header_sys_stat_h=yes
ac_cv_header_sys_types_h=yes
ac_cv_header_unistd_h=yes
ac_cv_host=i686-pc-linux-gnu
ac_cv_objext=o
ac_cv_path_EGREP='/bin/grep -E'
ac_cv_path_FGREP='/bin/grep -F'
ac_cv_path_GREP=/bin/grep
ac_cv_path_PKG_CONFIG=/usr/bin/pkg-config
ac_cv_path_SED=/bin/sed
ac_cv_prog_AWK=nawk
ac_cv_prog_CPP='cc -E'
ac_cv_prog_ac_ct_AR=ar
ac_cv_prog_ac_ct_CC=cc
ac_cv_prog_ac_ct_MANIFEST_TOOL=mt
ac_cv_prog_ac_ct_OBJDUMP=objdump
ac_cv_prog_ac_ct_RANLIB=ranlib
ac_cv_prog_ac_ct_STRIP=strip
ac_cv_prog_cc_c89=
ac_cv_prog_cc_cc_c_o=yes
ac_cv_prog_cc_g=yes
ac_cv_target=i686-pc-linux-gnu
lt_cv_ar_at_file=@
lt_cv_archive_cmds_need_lc=no
lt_cv_deplibs_check_method=pass_all
lt_cv_file_magic_cmd='$MAGIC_CMD'
lt_cv_file_magic_test_file=
lt_cv_ld_reload_flag=-r
lt_cv_nm_interface='BSD nm'
lt_cv_objdir=.libs
lt_cv_path_LD=/usr/bin/ld
lt_cv_path_NM='/usr/bin/nm -B'
lt_cv_path_mainfest_tool=no
lt_cv_prog_compiler_c_o=yes
lt_cv_prog_compiler_pic='-fPIC -DPIC'
lt_cv_prog_compiler_pic_works=yes
lt_cv_prog_compiler_rtti_exceptions=no
lt_cv_prog_compiler_static_works=yes
lt_cv_prog_gnu_ld=yes
lt_cv_sharedlib_from_linklib_cmd='printf %s\n'
lt_cv_shlibpath_overrides_runpath=no
lt_cv_sys_global_symbol_pipe='sed -n -e '\''s/^.*[	 ]\([ABCDGIRSTW][ABCDGIRSTW]*\)[	 ][	 ]*\([_A-Za-z][_A-Za-z0-9]*\)$/\1 \2 \2/p'\'' | sed '\''/ __gnu_lto/d'\'''
lt_cv_sys_global_symbol_to_c_name_address='sed -n -e '\''s/^: \([^ ]*\)[ ]*$/  {\"\1\", (void *) 0},/p'\'' -e '\''s/^[ABCDGIRSTW]* \([^ ]*\) \([^ ]*\)$/  {"\2", (void *) \&\2},/p'\'''
lt_cv_sys_global_symbol_to_c_name_address_lib_prefix='sed -n -e '\''s/^: \([^ ]*\)[ ]*$/  {\"\1\", (void *) 0},/p'\'' -e '\''s/^[ABCDGIRSTW]* \([^ ]*\) \(lib[^ ]*\)$/  {"\2", (void *) \&\2},/p'\'' -e '\''s/^[ABCDGIRSTW]* \([^ ]*\) \([^ ]*\)$/  {"lib\2", (void *) \&\2},/p'\'''
lt_cv_sys_global_symbol_to_cdecl='sed -n -e '\''s/^T .* \(.*\)$/extern int \1();/p'\'' -e '\''s/^[ABCDGIRSTW]* .* \(.*\)$/extern char \1;/p'\'''
lt_cv_sys_max_cmd_len=1572864
lt_cv_to_host_file_cmd=func_convert_file_noop
lt_cv_to_tool_file_cmd=func_convert_file_noop
php_cv_cc_dashr=no
php_cv_cc_rpath=yes

## ----------------- ##
## Output variables. ##
## ----------------- ##

AR='ar'
AWK='nawk'
CC='cc'
CFLAGS='-g -O2'
CONFIGURE_COMMAND=' '\''./configure'\'' '
CONFIGURE_OPTIONS=''
CPP='cc -E'
CPPFLAGS=' -DHAVE_CONFIG_H'
DEFS='-DHAVE_CONFIG_H'
DLLTOOL='false'
DSYMUTIL=''
DUMPBIN=''
ECHO_C=''
ECHO_N='-n'
ECHO_T=''
EGREP='/bin/grep -E'
EXEEXT=''
FGREP='/bin/grep -F'
GREP='/bin/grep'
LD='/usr/bin/ld'
LDFLAGS=''
LIBOBJS=''
LIBS=''
LIBTOOL='$(SHELL) $(top_builddir)/libtool'
LIPO=''
LN_S='ln -s'
LTLIBOBJS=''
MANIFEST_TOOL=':'
NM='/usr/bin/nm -B'
NMEDIT=''
OBJDUMP='objdump'
OBJEXT='o'
OTOOL64=''
OTOOL=''
PACKAGE_BUGREPORT=''
PACKAGE_NAME=''
PACKAGE_STRING=''
PACKAGE_TARNAME=''
PACKAGE_URL=''
PACKAGE_VERSION=''
PATH_SEPARATOR=':'
PKG_CONFIG='/usr/bin/pkg-config'
RANLIB='ranlib'
RE2C='exit 0;'
SED='/bin/sed'
SHELL='/bin/bash'
SHLIB_DL_SUFFIX_NAME='so'
SHLIB_SUFFIX_NAME='so'
STRIP='strip'
ac_ct_AR='ar'
ac_ct_CC='cc'
ac_ct_DUMPBIN=''
bindir='${exec_prefix}/bin'
build='i686-pc-linux-gnu'
build_alias=''
build_cpu='i686'
build_os='linux-gnu'
build_vendor='pc'
datadir='${datarootdir}'
datarootdir='${prefix}/share'
docdir='${datarootdir}/doc/${PACKAGE}'
dvidir='${docdir}'
exec_prefix='$(prefix)'
host='i686-pc-linux-gnu'
host_alias='i686-pc-linux-gnu'
host_cpu='i686'
host_os='linux-gnu'
host_vendor='pc'
htmldir='${docdir}'
includedir='${prefix}/include'
infodir='${datarootdir}/info'
libdir='${exec_prefix}/lib'
libexecdir='${exec_prefix}/libexec'
localedir='${datarootdir}/locale'
localstatedir='${prefix}/var'
mandir='${datarootdir}/man'
oldincludedir='/usr/include'
pdfdir='${docdir}'
prefix='/usr'
program_transform_name='s,x,x,'
psdir='${docdir}'
sbindir='${exec_prefix}/sbin'
sharedstatedir='${prefix}/com'
sysconfdir='${prefix}/etc'
target='i686-pc-linux-gnu'
target_alias=''
target_cpu='i686'
target_os='linux-gnu'
target_vendor='pc'

## ----------- ##
## confdefs.h. ##
## ----------- ##

/* confdefs.h */
#define PACKAGE_NAME ""
#define PACKAGE_TARNAME ""
#define PACKAGE_VERSION ""
#define PACKAGE_STRING ""
#define PACKAGE_BUGREPORT ""
#define PACKAGE_URL ""
#define IM_MAGICKWAND_HEADER_STYLE_SIX 1
#define HAVE_IMAGICK 1
#define COMPILE_DL_IMAGICK 1
#define STDC_HEADERS 1
#define HAVE_SYS_TYPES_H 1
#define HAVE_SYS_STAT_H 1
#define HAVE_STDLIB_H 1
#define HAVE_STRING_H 1
#define HAVE_MEMORY_H 1
#define HAVE_STRINGS_H 1
#define HAVE_INTTYPES_H 1
#define HAVE_STDINT_H 1
#define HAVE_UNISTD_H 1
#define HAVE_DLFCN_H 1
#define LT_OBJDIR ".libs/"

configure: exit 0
